[2016-05-16 19:37:40,551 INFO] - MLog clients using log4j logging.
[2016-05-16 19:37:41,369 INFO] - Initializing c3p0-0.9.1 [built 16-January-2007 14:46:42; debug? true; trace: 10]
[2016-05-16 19:37:41,902 INFO] - Initializing c3p0 pool... com.mchange.v2.c3p0.ComboPooledDataSource [ acquireIncrement -> 3, acquireRetryAttempts -> 30, acquireRetryDelay -> 1000, autoCommitOnClose -> false, automaticTestTable -> null, breakAfterAcquireFailure -> false, checkoutTimeout -> 0, connectionCustomizerClassName -> null, connectionTesterClassName -> com.mchange.v2.c3p0.impl.DefaultConnectionTester, dataSourceName -> 1hge36z9g1ffhdka1eijhhj|c0a150, debugUnreturnedConnectionStackTraces -> false, description -> null, driverClass -> oracle.jdbc.driver.OracleDriver, factoryClassLocation -> null, forceIgnoreUnresolvedTransactions -> false, identityToken -> 1hge36z9g1ffhdka1eijhhj|c0a150, idleConnectionTestPeriod -> 0, initialPoolSize -> 10, jdbcUrl -> jdbc:oracle:thin:@127.0.0.1:1521:ORCL, lastAcquisitionFailureDefaultUser -> null, maxAdministrativeTaskTime -> 0, maxConnectionAge -> 0, maxIdleTime -> 0, maxIdleTimeExcessConnections -> 0, maxPoolSize -> 100, maxStatements -> 0, maxStatementsPerConnection -> 0, minPoolSize -> 3, numHelperThreads -> 3, numThreadsAwaitingCheckoutDefaultUser -> 0, preferredTestQuery -> null, properties -> {user=******, password=******}, propertyCycle -> 300, testConnectionOnCheckin -> false, testConnectionOnCheckout -> false, unreturnedConnectionTimeout -> 0, usesTraditionalReflectiveProxies -> false ]
[2016-05-16 19:37:43,012 INFO] - ORA-28002: the password will expire within 7 days

java.sql.SQLWarning: ORA-28002: the password will expire within 7 days

	at oracle.jdbc.driver.DatabaseError.addSqlWarning(DatabaseError.java:675)
	at oracle.jdbc.driver.DatabaseError.newSqlWarning(DatabaseError.java:613)
	at oracle.jdbc.driver.T4CTTIoer.processWarning(T4CTTIoer.java:388)
	at oracle.jdbc.driver.T4CTTIoauthenticate.receiveOauth(T4CTTIoauthenticate.java:769)
	at oracle.jdbc.driver.T4CConnection.logon(T4CConnection.java:361)
	at oracle.jdbc.driver.PhysicalConnection.<init>(PhysicalConnection.java:413)
	at oracle.jdbc.driver.T4CConnection.<init>(T4CConnection.java:164)
	at oracle.jdbc.driver.T4CDriverExtension.getConnection(T4CDriverExtension.java:34)
	at oracle.jdbc.driver.OracleDriver.connect(OracleDriver.java:752)
	at com.mchange.v2.c3p0.DriverManagerDataSource.getConnection(DriverManagerDataSource.java:135)
	at com.mchange.v2.c3p0.WrapperConnectionPoolDataSource.getPooledConnection(WrapperConnectionPoolDataSource.java:182)
	at com.mchange.v2.c3p0.WrapperConnectionPoolDataSource.getPooledConnection(WrapperConnectionPoolDataSource.java:171)
	at com.mchange.v2.c3p0.impl.C3P0PooledConnectionPool$1PooledConnectionResourcePoolManager.acquireResource(C3P0PooledConnectionPool.java:137)
	at com.mchange.v2.resourcepool.BasicResourcePool.doAcquire(BasicResourcePool.java:1014)
	at com.mchange.v2.resourcepool.BasicResourcePool.access$800(BasicResourcePool.java:32)
	at com.mchange.v2.resourcepool.BasicResourcePool$AcquireTask.run(BasicResourcePool.java:1810)
	at com.mchange.v2.async.ThreadPoolAsynchronousRunner$PoolThread.run(ThreadPoolAsynchronousRunner.java:547)
[2016-05-16 19:37:43,012 INFO] - ORA-28002: the password will expire within 7 days

java.sql.SQLWarning: ORA-28002: the password will expire within 7 days

	at oracle.jdbc.driver.DatabaseError.addSqlWarning(DatabaseError.java:675)
	at oracle.jdbc.driver.DatabaseError.newSqlWarning(DatabaseError.java:613)
	at oracle.jdbc.driver.T4CTTIoer.processWarning(T4CTTIoer.java:388)
	at oracle.jdbc.driver.T4CTTIoauthenticate.receiveOauth(T4CTTIoauthenticate.java:769)
	at oracle.jdbc.driver.T4CConnection.logon(T4CConnection.java:361)
	at oracle.jdbc.driver.PhysicalConnection.<init>(PhysicalConnection.java:413)
	at oracle.jdbc.driver.T4CConnection.<init>(T4CConnection.java:164)
	at oracle.jdbc.driver.T4CDriverExtension.getConnection(T4CDriverExtension.java:34)
	at oracle.jdbc.driver.OracleDriver.connect(OracleDriver.java:752)
	at com.mchange.v2.c3p0.DriverManagerDataSource.getConnection(DriverManagerDataSource.java:135)
	at com.mchange.v2.c3p0.WrapperConnectionPoolDataSource.getPooledConnection(WrapperConnectionPoolDataSource.java:182)
	at com.mchange.v2.c3p0.WrapperConnectionPoolDataSource.getPooledConnection(WrapperConnectionPoolDataSource.java:171)
	at com.mchange.v2.c3p0.impl.C3P0PooledConnectionPool$1PooledConnectionResourcePoolManager.acquireResource(C3P0PooledConnectionPool.java:137)
	at com.mchange.v2.resourcepool.BasicResourcePool.doAcquire(BasicResourcePool.java:1014)
	at com.mchange.v2.resourcepool.BasicResourcePool.access$800(BasicResourcePool.java:32)
	at com.mchange.v2.resourcepool.BasicResourcePool$AcquireTask.run(BasicResourcePool.java:1810)
	at com.mchange.v2.async.ThreadPoolAsynchronousRunner$PoolThread.run(ThreadPoolAsynchronousRunner.java:547)
[2016-05-16 19:37:43,012 INFO] - ORA-28002: the password will expire within 7 days

java.sql.SQLWarning: ORA-28002: the password will expire within 7 days

	at oracle.jdbc.driver.DatabaseError.addSqlWarning(DatabaseError.java:675)
	at oracle.jdbc.driver.DatabaseError.newSqlWarning(DatabaseError.java:613)
	at oracle.jdbc.driver.T4CTTIoer.processWarning(T4CTTIoer.java:388)
	at oracle.jdbc.driver.T4CTTIoauthenticate.receiveOauth(T4CTTIoauthenticate.java:769)
	at oracle.jdbc.driver.T4CConnection.logon(T4CConnection.java:361)
	at oracle.jdbc.driver.PhysicalConnection.<init>(PhysicalConnection.java:413)
	at oracle.jdbc.driver.T4CConnection.<init>(T4CConnection.java:164)
	at oracle.jdbc.driver.T4CDriverExtension.getConnection(T4CDriverExtension.java:34)
	at oracle.jdbc.driver.OracleDriver.connect(OracleDriver.java:752)
	at com.mchange.v2.c3p0.DriverManagerDataSource.getConnection(DriverManagerDataSource.java:135)
	at com.mchange.v2.c3p0.WrapperConnectionPoolDataSource.getPooledConnection(WrapperConnectionPoolDataSource.java:182)
	at com.mchange.v2.c3p0.WrapperConnectionPoolDataSource.getPooledConnection(WrapperConnectionPoolDataSource.java:171)
	at com.mchange.v2.c3p0.impl.C3P0PooledConnectionPool$1PooledConnectionResourcePoolManager.acquireResource(C3P0PooledConnectionPool.java:137)
	at com.mchange.v2.resourcepool.BasicResourcePool.doAcquire(BasicResourcePool.java:1014)
	at com.mchange.v2.resourcepool.BasicResourcePool.access$800(BasicResourcePool.java:32)
	at com.mchange.v2.resourcepool.BasicResourcePool$AcquireTask.run(BasicResourcePool.java:1810)
	at com.mchange.v2.async.ThreadPoolAsynchronousRunner$PoolThread.run(ThreadPoolAsynchronousRunner.java:547)
[2016-05-16 19:37:43,127 INFO] - ORA-28002: the password will expire within 7 days

java.sql.SQLWarning: ORA-28002: the password will expire within 7 days

	at oracle.jdbc.driver.DatabaseError.addSqlWarning(DatabaseError.java:675)
	at oracle.jdbc.driver.DatabaseError.newSqlWarning(DatabaseError.java:613)
	at oracle.jdbc.driver.T4CTTIoer.processWarning(T4CTTIoer.java:388)
	at oracle.jdbc.driver.T4CTTIoauthenticate.receiveOauth(T4CTTIoauthenticate.java:769)
	at oracle.jdbc.driver.T4CConnection.logon(T4CConnection.java:361)
	at oracle.jdbc.driver.PhysicalConnection.<init>(PhysicalConnection.java:413)
	at oracle.jdbc.driver.T4CConnection.<init>(T4CConnection.java:164)
	at oracle.jdbc.driver.T4CDriverExtension.getConnection(T4CDriverExtension.java:34)
	at oracle.jdbc.driver.OracleDriver.connect(OracleDriver.java:752)
	at com.mchange.v2.c3p0.DriverManagerDataSource.getConnection(DriverManagerDataSource.java:135)
	at com.mchange.v2.c3p0.WrapperConnectionPoolDataSource.getPooledConnection(WrapperConnectionPoolDataSource.java:182)
	at com.mchange.v2.c3p0.WrapperConnectionPoolDataSource.getPooledConnection(WrapperConnectionPoolDataSource.java:171)
	at com.mchange.v2.c3p0.impl.C3P0PooledConnectionPool$1PooledConnectionResourcePoolManager.acquireResource(C3P0PooledConnectionPool.java:137)
	at com.mchange.v2.resourcepool.BasicResourcePool.doAcquire(BasicResourcePool.java:1014)
	at com.mchange.v2.resourcepool.BasicResourcePool.access$800(BasicResourcePool.java:32)
	at com.mchange.v2.resourcepool.BasicResourcePool$AcquireTask.run(BasicResourcePool.java:1810)
	at com.mchange.v2.async.ThreadPoolAsynchronousRunner$PoolThread.run(ThreadPoolAsynchronousRunner.java:547)
[2016-05-16 19:37:43,193 INFO] - ORA-28002: the password will expire within 7 days

java.sql.SQLWarning: ORA-28002: the password will expire within 7 days

	at oracle.jdbc.driver.DatabaseError.addSqlWarning(DatabaseError.java:675)
	at oracle.jdbc.driver.DatabaseError.newSqlWarning(DatabaseError.java:613)
	at oracle.jdbc.driver.T4CTTIoer.processWarning(T4CTTIoer.java:388)
	at oracle.jdbc.driver.T4CTTIoauthenticate.receiveOauth(T4CTTIoauthenticate.java:769)
	at oracle.jdbc.driver.T4CConnection.logon(T4CConnection.java:361)
	at oracle.jdbc.driver.PhysicalConnection.<init>(PhysicalConnection.java:413)
	at oracle.jdbc.driver.T4CConnection.<init>(T4CConnection.java:164)
	at oracle.jdbc.driver.T4CDriverExtension.getConnection(T4CDriverExtension.java:34)
	at oracle.jdbc.driver.OracleDriver.connect(OracleDriver.java:752)
	at com.mchange.v2.c3p0.DriverManagerDataSource.getConnection(DriverManagerDataSource.java:135)
	at com.mchange.v2.c3p0.WrapperConnectionPoolDataSource.getPooledConnection(WrapperConnectionPoolDataSource.java:182)
	at com.mchange.v2.c3p0.WrapperConnectionPoolDataSource.getPooledConnection(WrapperConnectionPoolDataSource.java:171)
	at com.mchange.v2.c3p0.impl.C3P0PooledConnectionPool$1PooledConnectionResourcePoolManager.acquireResource(C3P0PooledConnectionPool.java:137)
	at com.mchange.v2.resourcepool.BasicResourcePool.doAcquire(BasicResourcePool.java:1014)
	at com.mchange.v2.resourcepool.BasicResourcePool.access$800(BasicResourcePool.java:32)
	at com.mchange.v2.resourcepool.BasicResourcePool$AcquireTask.run(BasicResourcePool.java:1810)
	at com.mchange.v2.async.ThreadPoolAsynchronousRunner$PoolThread.run(ThreadPoolAsynchronousRunner.java:547)
[2016-05-16 19:37:43,231 INFO] - ORA-28002: the password will expire within 7 days

java.sql.SQLWarning: ORA-28002: the password will expire within 7 days

	at oracle.jdbc.driver.DatabaseError.addSqlWarning(DatabaseError.java:675)
	at oracle.jdbc.driver.DatabaseError.newSqlWarning(DatabaseError.java:613)
	at oracle.jdbc.driver.T4CTTIoer.processWarning(T4CTTIoer.java:388)
	at oracle.jdbc.driver.T4CTTIoauthenticate.receiveOauth(T4CTTIoauthenticate.java:769)
	at oracle.jdbc.driver.T4CConnection.logon(T4CConnection.java:361)
	at oracle.jdbc.driver.PhysicalConnection.<init>(PhysicalConnection.java:413)
	at oracle.jdbc.driver.T4CConnection.<init>(T4CConnection.java:164)
	at oracle.jdbc.driver.T4CDriverExtension.getConnection(T4CDriverExtension.java:34)
	at oracle.jdbc.driver.OracleDriver.connect(OracleDriver.java:752)
	at com.mchange.v2.c3p0.DriverManagerDataSource.getConnection(DriverManagerDataSource.java:135)
	at com.mchange.v2.c3p0.WrapperConnectionPoolDataSource.getPooledConnection(WrapperConnectionPoolDataSource.java:182)
	at com.mchange.v2.c3p0.WrapperConnectionPoolDataSource.getPooledConnection(WrapperConnectionPoolDataSource.java:171)
	at com.mchange.v2.c3p0.impl.C3P0PooledConnectionPool$1PooledConnectionResourcePoolManager.acquireResource(C3P0PooledConnectionPool.java:137)
	at com.mchange.v2.resourcepool.BasicResourcePool.doAcquire(BasicResourcePool.java:1014)
	at com.mchange.v2.resourcepool.BasicResourcePool.access$800(BasicResourcePool.java:32)
	at com.mchange.v2.resourcepool.BasicResourcePool$AcquireTask.run(BasicResourcePool.java:1810)
	at com.mchange.v2.async.ThreadPoolAsynchronousRunner$PoolThread.run(ThreadPoolAsynchronousRunner.java:547)
[2016-05-16 19:37:43,318 INFO] - ORA-28002: the password will expire within 7 days

java.sql.SQLWarning: ORA-28002: the password will expire within 7 days

	at oracle.jdbc.driver.DatabaseError.addSqlWarning(DatabaseError.java:675)
	at oracle.jdbc.driver.DatabaseError.newSqlWarning(DatabaseError.java:613)
	at oracle.jdbc.driver.T4CTTIoer.processWarning(T4CTTIoer.java:388)
	at oracle.jdbc.driver.T4CTTIoauthenticate.receiveOauth(T4CTTIoauthenticate.java:769)
	at oracle.jdbc.driver.T4CConnection.logon(T4CConnection.java:361)
	at oracle.jdbc.driver.PhysicalConnection.<init>(PhysicalConnection.java:413)
	at oracle.jdbc.driver.T4CConnection.<init>(T4CConnection.java:164)
	at oracle.jdbc.driver.T4CDriverExtension.getConnection(T4CDriverExtension.java:34)
	at oracle.jdbc.driver.OracleDriver.connect(OracleDriver.java:752)
	at com.mchange.v2.c3p0.DriverManagerDataSource.getConnection(DriverManagerDataSource.java:135)
	at com.mchange.v2.c3p0.WrapperConnectionPoolDataSource.getPooledConnection(WrapperConnectionPoolDataSource.java:182)
	at com.mchange.v2.c3p0.WrapperConnectionPoolDataSource.getPooledConnection(WrapperConnectionPoolDataSource.java:171)
	at com.mchange.v2.c3p0.impl.C3P0PooledConnectionPool$1PooledConnectionResourcePoolManager.acquireResource(C3P0PooledConnectionPool.java:137)
	at com.mchange.v2.resourcepool.BasicResourcePool.doAcquire(BasicResourcePool.java:1014)
	at com.mchange.v2.resourcepool.BasicResourcePool.access$800(BasicResourcePool.java:32)
	at com.mchange.v2.resourcepool.BasicResourcePool$AcquireTask.run(BasicResourcePool.java:1810)
	at com.mchange.v2.async.ThreadPoolAsynchronousRunner$PoolThread.run(ThreadPoolAsynchronousRunner.java:547)
[2016-05-16 19:37:43,371 INFO] - ORA-28002: the password will expire within 7 days

java.sql.SQLWarning: ORA-28002: the password will expire within 7 days

	at oracle.jdbc.driver.DatabaseError.addSqlWarning(DatabaseError.java:675)
	at oracle.jdbc.driver.DatabaseError.newSqlWarning(DatabaseError.java:613)
	at oracle.jdbc.driver.T4CTTIoer.processWarning(T4CTTIoer.java:388)
	at oracle.jdbc.driver.T4CTTIoauthenticate.receiveOauth(T4CTTIoauthenticate.java:769)
	at oracle.jdbc.driver.T4CConnection.logon(T4CConnection.java:361)
	at oracle.jdbc.driver.PhysicalConnection.<init>(PhysicalConnection.java:413)
	at oracle.jdbc.driver.T4CConnection.<init>(T4CConnection.java:164)
	at oracle.jdbc.driver.T4CDriverExtension.getConnection(T4CDriverExtension.java:34)
	at oracle.jdbc.driver.OracleDriver.connect(OracleDriver.java:752)
	at com.mchange.v2.c3p0.DriverManagerDataSource.getConnection(DriverManagerDataSource.java:135)
	at com.mchange.v2.c3p0.WrapperConnectionPoolDataSource.getPooledConnection(WrapperConnectionPoolDataSource.java:182)
	at com.mchange.v2.c3p0.WrapperConnectionPoolDataSource.getPooledConnection(WrapperConnectionPoolDataSource.java:171)
	at com.mchange.v2.c3p0.impl.C3P0PooledConnectionPool$1PooledConnectionResourcePoolManager.acquireResource(C3P0PooledConnectionPool.java:137)
	at com.mchange.v2.resourcepool.BasicResourcePool.doAcquire(BasicResourcePool.java:1014)
	at com.mchange.v2.resourcepool.BasicResourcePool.access$800(BasicResourcePool.java:32)
	at com.mchange.v2.resourcepool.BasicResourcePool$AcquireTask.run(BasicResourcePool.java:1810)
	at com.mchange.v2.async.ThreadPoolAsynchronousRunner$PoolThread.run(ThreadPoolAsynchronousRunner.java:547)
[2016-05-16 19:37:43,410 INFO] - ORA-28002: the password will expire within 7 days

java.sql.SQLWarning: ORA-28002: the password will expire within 7 days

	at oracle.jdbc.driver.DatabaseError.addSqlWarning(DatabaseError.java:675)
	at oracle.jdbc.driver.DatabaseError.newSqlWarning(DatabaseError.java:613)
	at oracle.jdbc.driver.T4CTTIoer.processWarning(T4CTTIoer.java:388)
	at oracle.jdbc.driver.T4CTTIoauthenticate.receiveOauth(T4CTTIoauthenticate.java:769)
	at oracle.jdbc.driver.T4CConnection.logon(T4CConnection.java:361)
	at oracle.jdbc.driver.PhysicalConnection.<init>(PhysicalConnection.java:413)
	at oracle.jdbc.driver.T4CConnection.<init>(T4CConnection.java:164)
	at oracle.jdbc.driver.T4CDriverExtension.getConnection(T4CDriverExtension.java:34)
	at oracle.jdbc.driver.OracleDriver.connect(OracleDriver.java:752)
	at com.mchange.v2.c3p0.DriverManagerDataSource.getConnection(DriverManagerDataSource.java:135)
	at com.mchange.v2.c3p0.WrapperConnectionPoolDataSource.getPooledConnection(WrapperConnectionPoolDataSource.java:182)
	at com.mchange.v2.c3p0.WrapperConnectionPoolDataSource.getPooledConnection(WrapperConnectionPoolDataSource.java:171)
	at com.mchange.v2.c3p0.impl.C3P0PooledConnectionPool$1PooledConnectionResourcePoolManager.acquireResource(C3P0PooledConnectionPool.java:137)
	at com.mchange.v2.resourcepool.BasicResourcePool.doAcquire(BasicResourcePool.java:1014)
	at com.mchange.v2.resourcepool.BasicResourcePool.access$800(BasicResourcePool.java:32)
	at com.mchange.v2.resourcepool.BasicResourcePool$AcquireTask.run(BasicResourcePool.java:1810)
	at com.mchange.v2.async.ThreadPoolAsynchronousRunner$PoolThread.run(ThreadPoolAsynchronousRunner.java:547)
[2016-05-16 19:37:43,578 INFO] - ORA-28002: the password will expire within 7 days

java.sql.SQLWarning: ORA-28002: the password will expire within 7 days

	at oracle.jdbc.driver.DatabaseError.addSqlWarning(DatabaseError.java:675)
	at oracle.jdbc.driver.DatabaseError.newSqlWarning(DatabaseError.java:613)
	at oracle.jdbc.driver.T4CTTIoer.processWarning(T4CTTIoer.java:388)
	at oracle.jdbc.driver.T4CTTIoauthenticate.receiveOauth(T4CTTIoauthenticate.java:769)
	at oracle.jdbc.driver.T4CConnection.logon(T4CConnection.java:361)
	at oracle.jdbc.driver.PhysicalConnection.<init>(PhysicalConnection.java:413)
	at oracle.jdbc.driver.T4CConnection.<init>(T4CConnection.java:164)
	at oracle.jdbc.driver.T4CDriverExtension.getConnection(T4CDriverExtension.java:34)
	at oracle.jdbc.driver.OracleDriver.connect(OracleDriver.java:752)
	at com.mchange.v2.c3p0.DriverManagerDataSource.getConnection(DriverManagerDataSource.java:135)
	at com.mchange.v2.c3p0.WrapperConnectionPoolDataSource.getPooledConnection(WrapperConnectionPoolDataSource.java:182)
	at com.mchange.v2.c3p0.WrapperConnectionPoolDataSource.getPooledConnection(WrapperConnectionPoolDataSource.java:171)
	at com.mchange.v2.c3p0.impl.C3P0PooledConnectionPool$1PooledConnectionResourcePoolManager.acquireResource(C3P0PooledConnectionPool.java:137)
	at com.mchange.v2.resourcepool.BasicResourcePool.doAcquire(BasicResourcePool.java:1014)
	at com.mchange.v2.resourcepool.BasicResourcePool.access$800(BasicResourcePool.java:32)
	at com.mchange.v2.resourcepool.BasicResourcePool$AcquireTask.run(BasicResourcePool.java:1810)
	at com.mchange.v2.async.ThreadPoolAsynchronousRunner$PoolThread.run(ThreadPoolAsynchronousRunner.java:547)
